[debug] [2021-03-19T10:24:27.897Z] ----------------------------------------------------------------------
[debug] [2021-03-19T10:24:27.899Z] Command:       /usr/local/Cellar/node/15.8.0/bin/node /usr/local/bin/firebase init
[debug] [2021-03-19T10:24:27.899Z] CLI Version:   9.6.1
[debug] [2021-03-19T10:24:27.899Z] Platform:      darwin
[debug] [2021-03-19T10:24:27.899Z] Node Version:  v15.8.0
[debug] [2021-03-19T10:24:27.900Z] Time:          Fri Mar 19 2021 19:24:27 GMT+0900 (日本標準時)
[debug] [2021-03-19T10:24:27.900Z] ----------------------------------------------------------------------
[debug] [2021-03-19T10:24:27.901Z] 
[debug] [2021-03-19T10:24:27.906Z] > command requires scopes: ["email","openid","https://www.googleapis.com/auth/cloudplatformprojects.readonly","https://www.googleapis.com/auth/firebase","https://www.googleapis.com/auth/cloud-platform"]
[debug] [2021-03-19T10:24:27.906Z] > authorizing via signed-in user
[info] 
     ######## #### ########  ######## ########     ###     ######  ########
     ##        ##  ##     ## ##       ##     ##  ##   ##  ##       ##
     ######    ##  ########  ######   ########  #########  ######  ######
     ##        ##  ##    ##  ##       ##     ## ##     ##       ## ##
     ##       #### ##     ## ######## ########  ##     ##  ######  ########

You're about to initialize a Firebase project in this directory:

  /Users/harukaneko/work/harukanekodesu

[info] 
=== Project Setup
[info] 
[info] First, let's associate this project directory with a Firebase project.
[info] You can create multiple project aliases by running firebase use --add, 
[info] but for now we'll just set up a default project.
[info] 
[debug] [2021-03-19T10:24:37.949Z] >>> [apiv2][query] GET https://firebase.googleapis.com/v1beta1/projects pageSize=100
[debug] [2021-03-19T10:24:38.804Z] <<< [apiv2][status] GET https://firebase.googleapis.com/v1beta1/projects 200
[debug] [2021-03-19T10:24:38.804Z] <<< [apiv2][body] GET https://firebase.googleapis.com/v1beta1/projects [omitted]
[info] i  Using project harukanekodesu (harukanekodesu) 
[info] 
=== Hosting Setup
[info] 
[info] Your public directory is the folder (relative to your project directory) that
[info] will contain Hosting assets to be uploaded with firebase deploy. If you
[info] have a build process for your assets, use your build's output directory.
[info] 
[info] ✔  Wrote /404.html 
[debug] [2021-03-19T10:25:41.013Z] >>> [apiv2][query] GET https://www.gstatic.com/firebasejs/releases.json [none]
[debug] [2021-03-19T10:25:41.177Z] <<< [apiv2][status] GET https://www.gstatic.com/firebasejs/releases.json 200
[debug] [2021-03-19T10:25:41.177Z] <<< [apiv2][body] GET https://www.gstatic.com/firebasejs/releases.json {"current":{"version":"8.3.1","browserURL":"https://www.gstatic.com/firebasejs/8.3.1/firebase.js","packageURL":"https://www.gstatic.com/firebasejs/8.3.1/firebase.tgz"},"live":{"version":"8.3","browserURL":"https://www.gstatic.com/firebasejs/live/8.3/firebase.js","packageURL":"https://www.gstatic.com/firebasejs/live/8.3/firebase.tgz"},"components":{"analytics":"https://www.gstatic.com/firebasejs/8.3.1/firebase-analytics.js","app":"https://www.gstatic.com/firebasejs/8.3.1/firebase-app.js","auth":"https://www.gstatic.com/firebasejs/8.3.1/firebase-auth.js","database":"https://www.gstatic.com/firebasejs/8.3.1/firebase-database.js","firestore":"https://www.gstatic.com/firebasejs/8.3.1/firebase-firestore.js","functions":"https://www.gstatic.com/firebasejs/8.3.1/firebase-functions.js","installations":"https://www.gstatic.com/firebasejs/8.3.1/firebase-installations.js","messaging":"https://www.gstatic.com/firebasejs/8.3.1/firebase-messaging.js","storage":"https://www.gstatic.com/firebasejs/8.3.1/firebase-storage.js","performance":"https://www.gstatic.com/firebasejs/8.3.1/firebase-performance.js","remote-config":"https://www.gstatic.com/firebasejs/8.3.1/firebase-remote-config.js","firestore.memory":"https://www.gstatic.com/firebasejs/8.3.1/firebase-firestore.memory.js"}}
[info] ✔  Wrote /index.html 
[info] 
[info] i  Detected a .git folder at /Users/harukaneko/work/harukanekodesu 
[info] i  Authorizing with GitHub to upload your service account to a GitHub repository's secrets store. 
[info] 
[info] Visit this URL on this device to log in:
[info] https://github.com/login/oauth/authorize?client_id=89cf50f02ac6aaed3484&state=950867054&redirect_uri=http%3A%2F%2Flocalhost%3A9005&scope=read%3Auser%20repo%20public_repo
[info] 
[info] Waiting for authentication...
[debug] [2021-03-19T10:25:54.297Z] >>> HTTP REQUEST POST https://github.com/login/oauth/access_token  
 {"client_id":"89cf50f02ac6aaed3484","client_secret":"3330d14abc895d9a74d5f17cd7a00711fa2c5bf0","code":"a82edc48e524ec2df7fc","redirect_uri":"http://localhost:9005","state":"950867054"}
[debug] [2021-03-19T10:25:54.616Z] <<< HTTP RESPONSE 200 {"server":"GitHub.com","date":"Fri, 19 Mar 2021 10:25:54 GMT","content-type":"application/json; charset=utf-8","transfer-encoding":"chunked","vary":"X-PJAX, Accept-Encoding, Accept, X-Requested-With","etag":"W/\"a69c94404ce22457c853f55f65541da7\"","cache-control":"max-age=0, private, must-revalidate","strict-transport-security":"max-age=31536000; includeSubdomains; preload","x-frame-options":"deny","x-content-type-options":"nosniff","x-xss-protection":"0","referrer-policy":"origin-when-cross-origin, strict-origin-when-cross-origin","expect-ct":"max-age=2592000, report-uri=\"https://api.github.com/_private/browser/errors\"","content-security-policy":"default-src 'none'; base-uri 'self'; block-all-mixed-content; connect-src 'self' uploads.github.com www.githubstatus.com collector.githubapp.com api.github.com github-cloud.s3.amazonaws.com github-production-repository-file-5c1aeb.s3.amazonaws.com github-production-upload-manifest-file-7fdce7.s3.amazonaws.com github-production-user-asset-6210df.s3.amazonaws.com cdn.optimizely.com logx.optimizely.com/v1/events wss://alive.github.com; font-src github.githubassets.com; form-action 'self' github.com gist.github.com; frame-ancestors 'none'; frame-src render.githubusercontent.com; img-src 'self' data: github.githubassets.com identicons.github.com collector.githubapp.com github-cloud.s3.amazonaws.com secured-user-images.githubusercontent.com/ *.githubusercontent.com; manifest-src 'self'; media-src 'none'; script-src github.githubassets.com; style-src 'unsafe-inline' github.githubassets.com; worker-src github.com/socket-worker-6832eced.js gist.github.com/socket-worker-6832eced.js","x-github-request-id":"D548:3E05:62AD7C:6EF53E:60547C32"}
[debug] [2021-03-19T10:25:54.619Z] >>> [apiv2][query] GET https://api.github.com/user [none]
[debug] [2021-03-19T10:25:55.048Z] <<< [apiv2][status] GET https://api.github.com/user 200
[debug] [2021-03-19T10:25:55.048Z] <<< [apiv2][body] GET https://api.github.com/user {"login":"haruu11113","id":39993922,"node_id":"MDQ6VXNlcjM5OTkzOTIy","avatar_url":"https://avatars.githubusercontent.com/u/39993922?v=4","gravatar_id":"","url":"https://api.github.com/users/haruu11113","html_url":"https://github.com/haruu11113","followers_url":"https://api.github.com/users/haruu11113/followers","following_url":"https://api.github.com/users/haruu11113/following{/other_user}","gists_url":"https://api.github.com/users/haruu11113/gists{/gist_id}","starred_url":"https://api.github.com/users/haruu11113/starred{/owner}{/repo}","subscriptions_url":"https://api.github.com/users/haruu11113/subscriptions","organizations_url":"https://api.github.com/users/haruu11113/orgs","repos_url":"https://api.github.com/users/haruu11113/repos","events_url":"https://api.github.com/users/haruu11113/events{/privacy}","received_events_url":"https://api.github.com/users/haruu11113/received_events","type":"User","site_admin":false,"name":"Haru","company":null,"blog":"","location":null,"email":null,"hireable":true,"bio":"Master 1st student in Japan","twitter_username":null,"public_repos":18,"public_gists":0,"followers":7,"following":10,"created_at":"2018-06-06T12:48:55Z","updated_at":"2021-03-19T08:24:58Z","private_gists":3,"total_private_repos":23,"owned_private_repos":23,"disk_usage":628127,"collaborators":6,"two_factor_authentication":false,"plan":{"name":"free","space":976562499,"collaborators":0,"private_repos":10000}}
[info] 
[info] ✔  Success! Logged into GitHub as haruu11113 
[info] 
[debug] [2021-03-19T10:26:07.996Z] >>> [apiv2][query] GET https://api.github.com/repos/no/actions/secrets/public-key type=owner
[debug] [2021-03-19T10:26:08.286Z] <<< [apiv2][status] GET https://api.github.com/repos/no/actions/secrets/public-key 404
[debug] [2021-03-19T10:26:08.287Z] <<< [apiv2][body] GET https://api.github.com/repos/no/actions/secrets/public-key {"message":"Not Found","documentation_url":"https://docs.github.com/rest"}
[debug] [2021-03-19T10:26:09.985Z] >>> [apiv2][query] GET https://api.github.com/repos//actions/secrets/public-key type=owner
[debug] [2021-03-19T10:26:10.276Z] <<< [apiv2][status] GET https://api.github.com/repos//actions/secrets/public-key 404
[debug] [2021-03-19T10:26:10.277Z] <<< [apiv2][body] GET https://api.github.com/repos//actions/secrets/public-key {"message":"Not Found","documentation_url":"https://docs.github.com/rest"}
[debug] [2021-03-19T10:26:10.449Z] >>> [apiv2][query] GET https://api.github.com/repos//actions/secrets/public-key type=owner
[debug] [2021-03-19T10:26:10.650Z] >>> [apiv2][query] GET https://api.github.com/repos//actions/secrets/public-key type=owner
[debug] [2021-03-19T10:26:10.771Z] <<< [apiv2][status] GET https://api.github.com/repos//actions/secrets/public-key 404
[debug] [2021-03-19T10:26:10.771Z] <<< [apiv2][body] GET https://api.github.com/repos//actions/secrets/public-key {"message":"Not Found","documentation_url":"https://docs.github.com/rest"}
[debug] [2021-03-19T10:26:10.949Z] <<< [apiv2][status] GET https://api.github.com/repos//actions/secrets/public-key 404
[debug] [2021-03-19T10:26:10.950Z] <<< [apiv2][body] GET https://api.github.com/repos//actions/secrets/public-key {"message":"Not Found","documentation_url":"https://docs.github.com/rest"}
[debug] [2021-03-19T10:26:12.119Z] >>> [apiv2][query] GET https://api.github.com/repos//actions/secrets/public-key type=owner
[debug] [2021-03-19T10:26:12.400Z] <<< [apiv2][status] GET https://api.github.com/repos//actions/secrets/public-key 404
[debug] [2021-03-19T10:26:12.401Z] <<< [apiv2][body] GET https://api.github.com/repos//actions/secrets/public-key {"message":"Not Found","documentation_url":"https://docs.github.com/rest"}
[debug] [2021-03-19T10:26:12.585Z] >>> [apiv2][query] GET https://api.github.com/repos//actions/secrets/public-key type=owner
[debug] [2021-03-19T10:26:12.896Z] <<< [apiv2][status] GET https://api.github.com/repos//actions/secrets/public-key 404
[debug] [2021-03-19T10:26:12.896Z] <<< [apiv2][body] GET https://api.github.com/repos//actions/secrets/public-key {"message":"Not Found","documentation_url":"https://docs.github.com/rest"}
